<?xml version="1.0" encoding="UTF-8"?>
<testng-results ignored="0" total="1" passed="1" failed="0" skipped="0">
  <reporter-output>
  </reporter-output>
  <suite started-at="2022-11-04T04:27:57Z" name="Default suite" finished-at="2022-11-04T04:28:00Z" duration-ms="3441">
    <groups>
    </groups>
    <test started-at="2022-11-04T04:27:57Z" name="Default test" finished-at="2022-11-04T04:28:00Z" duration-ms="3441">
      <class name="TestClasses.FirstTestNG">
        <test-method signature="FBLogin()[pri:0, instance:TestClasses.FirstTestNG@75d2da2d]" started-at="2022-11-04T04:27:57Z" name="FBLogin" finished-at="2022-11-04T04:28:00Z" duration-ms="3416" status="PASS">
          <reporter-output>
          </reporter-output>
        </test-method> <!-- FBLogin -->
      </class> <!-- TestClasses.FirstTestNG -->
    </test> <!-- Default test -->
  </suite> <!-- Default suite -->
</testng-results>
